-- Found ament_cmake: 1.3.11 (/opt/ros/humble/share/ament_cmake/cmake)
-- Override CMake install command with custom implementation using symlinks instead of copying resources
-- Found control_msgs: 5.3.0 (/home/jowi/dev_ws/install/control_msgs/share/control_msgs/cmake)
-- Found rosidl_generator_c: 3.1.6 (/opt/ros/humble/share/rosidl_generator_c/cmake)
-- Found rosidl_adapter: 3.1.6 (/opt/ros/humble/share/rosidl_adapter/cmake)
-- Found rosidl_generator_cpp: 3.1.6 (/opt/ros/humble/share/rosidl_generator_cpp/cmake)
-- Using all available rosidl_typesupport_c: rosidl_typesupport_fastrtps_c;rosidl_typesupport_introspection_c
-- Using all available rosidl_typesupport_cpp: rosidl_typesupport_fastrtps_cpp;rosidl_typesupport_introspection_cpp
-- Found lifecycle_msgs: 1.2.1 (/opt/ros/humble/share/lifecycle_msgs/cmake)
-- Found pluginlib: 5.1.0 (/opt/ros/humble/share/pluginlib/cmake)
-- Found rclcpp_lifecycle: 16.0.11 (/opt/ros/humble/share/rclcpp_lifecycle/cmake)
-- Found rmw_implementation_cmake: 6.1.2 (/opt/ros/humble/share/rmw_implementation_cmake/cmake)
-- Found rmw_fastrtps_cpp: 6.2.7 (/opt/ros/humble/share/rmw_fastrtps_cpp/cmake)
-- Found TinyXML2 via Config file: TinyXML2_DIR-NOTFOUND
-- Found TinyXML2 via Config file: TinyXML2_DIR-NOTFOUND
-- Found TinyXML2 via Config file: TinyXML2_DIR-NOTFOUND
-- Found TinyXML2 via Config file: TinyXML2_DIR-NOTFOUND
-- Using RMW implementation 'rmw_fastrtps_cpp' as default
-- Found TinyXML2 via Config file: TinyXML2_DIR-NOTFOUND
-- Found ament_cmake_gmock: 1.3.11 (/opt/ros/humble/share/ament_cmake_gmock/cmake)
-- Found ros2_control_test_assets: 2.48.0 (/home/jowi/dev_ws/install/ros2_control_test_assets/share/ros2_control_test_assets/cmake)
-- Found gmock sources under '/opt/ros/humble/src/gmock_vendor': C++ tests using 'Google Mock' will be built
-- Found ament_cmake_gtest: 1.3.11 (/opt/ros/humble/share/ament_cmake_gtest/cmake)
-- Found gtest sources under '/opt/ros/humble/src/gtest_vendor': C++ tests using 'Google Test' will be built
-- Configuring done (0.8s)
-- Generating done (0.1s)
-- Build files have been written to: /home/jowi/dev_ws/build/hardware_interface
[  2%] [34m[1mGenerating hardware_interface/version.h[0m
[  5%] [32mBuilding CXX object gmock/CMakeFiles/gmock.dir/opt/ros/humble/src/gtest_vendor/src/gtest-all.cc.o[0m
[  8%] [32mBuilding CXX object gmock/CMakeFiles/gmock.dir/src/gmock-all.cc.o[0m
[ 11%] [32mBuilding CXX object gmock/CMakeFiles/gmock_main.dir/src/gmock_main.cc.o[0m
[ 11%] Built target ament_generate_version_header__hardware_interface
[ 14%] [32mBuilding CXX object CMakeFiles/hardware_interface.dir/src/actuator.cpp.o[0m
[ 17%] [32mBuilding CXX object CMakeFiles/hardware_interface.dir/src/component_parser.cpp.o[0m
[ 22%] [32mBuilding CXX object CMakeFiles/hardware_interface.dir/src/resource_manager.cpp.o[0m
[ 22%] [32mBuilding CXX object CMakeFiles/hardware_interface.dir/src/sensor.cpp.o[0m
[ 25%] [32mBuilding CXX object CMakeFiles/hardware_interface.dir/src/system.cpp.o[0m
gmake[2]: *** [CMakeFiles/hardware_interface.dir/build.make:118: CMakeFiles/hardware_interface.dir/src/sensor.cpp.o] Interrupt
gmake[2]: *** [CMakeFiles/hardware_interface.dir/build.make:76: CMakeFiles/hardware_interface.dir/src/actuator.cpp.o] Interrupt
gmake[2]: *** [CMakeFiles/hardware_interface.dir/build.make:132: CMakeFiles/hardware_interface.dir/src/system.cpp.o] Interrupt
gmake[2]: *** [CMakeFiles/hardware_interface.dir/build.make:104: CMakeFiles/hardware_interface.dir/src/resource_manager.cpp.o] Interrupt
gmake[2]: *** [CMakeFiles/hardware_interface.dir/build.make:90: CMakeFiles/hardware_interface.dir/src/component_parser.cpp.o] Interrupt
gmake[1]: *** [CMakeFiles/Makefile2:194: CMakeFiles/hardware_interface.dir/all] Interrupt
gmake[2]: *** [gmock/CMakeFiles/gmock.dir/build.make:76: gmock/CMakeFiles/gmock.dir/opt/ros/humble/src/gtest_vendor/src/gtest-all.cc.o] Interrupt
gmake[2]: *** wait: No child processes. Stop.
gmake[2]: *** Waiting for unfinished jobs....
gmake[2]: *** wait: No child processes. Stop.
gmake[2]: *** Waiting for unfinished jobs....
gmake[2]: *** wait: No child processes. Stop.
gmake[2]: *** wait: No child processes. Stop.
gmake[1]: *** [CMakeFiles/Makefile2:491: gmock/CMakeFiles/gmock.dir/all] Error 2
gmake[1]: *** [CMakeFiles/Makefile2:517: gmock/CMakeFiles/gmock_main.dir/all] Error 2
gmake: *** [Makefile:146: all] Interrupt
