[0.013s] Invoking command in '/home/jowi/dev_ws/build/hardware_interface': AMENT_PREFIX_PATH=/home/jowi/dev_ws/install/ros2_control_test_assets:/home/jowi/dev_ws/install/joint_limits:${AMENT_PREFIX_PATH} CMAKE_PREFIX_PATH=/home/jowi/dev_ws/install/ros2_control_test_assets:/home/jowi/dev_ws/install/joint_limits:/home/jowi/dev_ws/install/columbus:/opt/ros/humble LD_LIBRARY_PATH=/home/jowi/dev_ws/install/ros2_control_test_assets/lib:/home/jowi/dev_ws/install/joint_limits/lib:${LD_LIBRARY_PATH} /usr/local/bin/cmake --build /home/jowi/dev_ws/build/hardware_interface -- -j8 -l8
[0.045s] [  2%] Built target ament_generate_version_header__hardware_interface
[0.054s] [ 11%] Built target gmock
[0.054s] [ 17%] Built target gmock_main
[0.067s] [ 22%] Built target test_macros
[0.078s] [ 25%] [32mBuilding CXX object CMakeFiles/hardware_interface.dir/src/component_parser.cpp.o[0m
[0.895s] [01m[K/home/jowi/dev_ws/src/ros2_control/hardware_interface/src/component_parser.cpp:[m[K In function â€˜[01m[Kvoid hardware_interface::detail::set_custom_interface_values(const hardware_interface::InterfaceInfo&, joint_limits::JointLimits&)[m[Kâ€™:
[0.895s] [01m[K/home/jowi/dev_ws/src/ros2_control/hardware_interface/src/component_parser.cpp:757:16:[m[K [01;31m[Kerror: [m[Kâ€˜[01m[Kstruct joint_limits::JointLimits[m[Kâ€™ has no member named â€˜[01m[Kmax_deceleration[m[Kâ€™; did you mean â€˜[01m[Kmax_acceleration[m[Kâ€™?
[0.895s]   757 |         limits.[01;31m[Kmax_deceleration[m[K = std::fabs(max_decel);
[0.895s]       |                [01;31m[K^~~~~~~~~~~~~~~~[m[K
[0.895s]       |                [32m[Kmax_acceleration[m[K
[0.896s] [01m[K/home/jowi/dev_ws/src/ros2_control/hardware_interface/src/component_parser.cpp:760:54:[m[K [01;31m[Kerror: [m[Kâ€˜[01m[Kstruct joint_limits::JointLimits[m[Kâ€™ has no member named â€˜[01m[Kmax_deceleration[m[Kâ€™; did you mean â€˜[01m[Kmax_acceleration[m[Kâ€™?
[0.896s]   760 |           limits.max_acceleration = std::fabs(limits.[01;31m[Kmax_deceleration[m[K);
[0.896s]       |                                                      [01;31m[K^~~~~~~~~~~~~~~~[m[K
[0.896s]       |                                                      [32m[Kmax_acceleration[m[K
[0.896s] [01m[K/home/jowi/dev_ws/src/ros2_control/hardware_interface/src/component_parser.cpp:762:16:[m[K [01;31m[Kerror: [m[Kâ€˜[01m[Kstruct joint_limits::JointLimits[m[Kâ€™ has no member named â€˜[01m[Khas_deceleration_limits[m[Kâ€™; did you mean â€˜[01m[Khas_acceleration_limits[m[Kâ€™?
[0.896s]   762 |         limits.[01;31m[Khas_deceleration_limits[m[K = itr.enable_limits;
[0.896s]       |                [01;31m[K^~~~~~~~~~~~~~~~~~~~~~~[m[K
[0.896s]       |                [32m[Khas_acceleration_limits[m[K
[0.896s] [01m[K/home/jowi/dev_ws/src/ros2_control/hardware_interface/src/component_parser.cpp:768:35:[m[K [01;31m[Kerror: [m[Kâ€˜[01m[Kstruct joint_limits::JointLimits[m[Kâ€™ has no member named â€˜[01m[Kmax_deceleration[m[Kâ€™; did you mean â€˜[01m[Kmax_acceleration[m[Kâ€™?
[0.896s]   768 |         if (!std::isfinite(limits.[01;31m[Kmax_deceleration[m[K))
[0.896s]       |                                   [01;31m[K^~~~~~~~~~~~~~~~[m[K
[0.896s]       |                                   [32m[Kmax_acceleration[m[K
[0.896s] [01m[K/home/jowi/dev_ws/src/ros2_control/hardware_interface/src/component_parser.cpp:770:18:[m[K [01;31m[Kerror: [m[Kâ€˜[01m[Kstruct joint_limits::JointLimits[m[Kâ€™ has no member named â€˜[01m[Kmax_deceleration[m[Kâ€™; did you mean â€˜[01m[Kmax_acceleration[m[Kâ€™?
[0.896s]   770 |           limits.[01;31m[Kmax_deceleration[m[K = std::fabs(limits.max_acceleration);
[0.896s]       |                  [01;31m[K^~~~~~~~~~~~~~~~[m[K
[0.896s]       |                  [32m[Kmax_acceleration[m[K
[1.611s] gmake[2]: *** [CMakeFiles/hardware_interface.dir/build.make:90: CMakeFiles/hardware_interface.dir/src/component_parser.cpp.o] Error 1
[1.611s] gmake[1]: *** [CMakeFiles/Makefile2:194: CMakeFiles/hardware_interface.dir/all] Error 2
[1.611s] gmake: *** [Makefile:146: all] Error 2
[1.613s] Invoked command in '/home/jowi/dev_ws/build/hardware_interface' returned '2': AMENT_PREFIX_PATH=/home/jowi/dev_ws/install/ros2_control_test_assets:/home/jowi/dev_ws/install/joint_limits:${AMENT_PREFIX_PATH} CMAKE_PREFIX_PATH=/home/jowi/dev_ws/install/ros2_control_test_assets:/home/jowi/dev_ws/install/joint_limits:/home/jowi/dev_ws/install/columbus:/opt/ros/humble LD_LIBRARY_PATH=/home/jowi/dev_ws/install/ros2_control_test_assets/lib:/home/jowi/dev_ws/install/joint_limits/lib:${LD_LIBRARY_PATH} /usr/local/bin/cmake --build /home/jowi/dev_ws/build/hardware_interface -- -j8 -l8
